<?xml version="1.0" encoding="UTF-8"?>
<testng-results ignored="0" total="1" passed="1" failed="0" skipped="0">
  <reporter-output>
  </reporter-output>
  <suite started-at="2021-01-22T22:57:57Z" name="Default suite" finished-at="2021-01-22T22:58:16Z" duration-ms="19387">
    <groups>
    </groups>
    <test started-at="2021-01-22T22:57:57Z" name="Default test" finished-at="2021-01-22T22:58:16Z" duration-ms="19387">
      <class name="org.iit.healthcare.mmp.adminmodule.tests.AdminCreateReportTests">
        <test-method is-config="true" signature="instantiateDriver()[pri:0, instance:org.iit.healthcare.mmp.adminmodule.tests.AdminCreateReportTests@6e75aa0d]" started-at="2021-01-22T22:57:57Z" name="instantiateDriver" finished-at="2021-01-22T22:58:03Z" duration-ms="6536" status="PASS">
          <reporter-output>
          </reporter-output>
        </test-method> <!-- instantiateDriver -->
        <test-method is-config="true" signature="setUp()[pri:0, instance:org.iit.healthcare.mmp.adminmodule.tests.AdminCreateReportTests@6e75aa0d]" started-at="2021-01-22T22:58:03Z" name="setUp" finished-at="2021-01-22T22:58:13Z" duration-ms="9891" status="PASS">
          <reporter-output>
          </reporter-output>
        </test-method> <!-- setUp -->
        <test-method signature="validateIfFeeIsAddedToPatientPortal()[pri:1, instance:org.iit.healthcare.mmp.adminmodule.tests.AdminCreateReportTests@6e75aa0d]" started-at="2021-01-22T22:58:13Z" name="validateIfFeeIsAddedToPatientPortal" finished-at="2021-01-22T22:58:15Z" duration-ms="2135" status="PASS">
          <reporter-output>
          </reporter-output>
        </test-method> <!-- validateIfFeeIsAddedToPatientPortal -->
        <test-method is-config="true" signature="tearDown()[pri:0, instance:org.iit.healthcare.mmp.adminmodule.tests.AdminCreateReportTests@6e75aa0d]" started-at="2021-01-22T22:58:15Z" name="tearDown" finished-at="2021-01-22T22:58:16Z" duration-ms="801" status="PASS">
          <reporter-output>
          </reporter-output>
        </test-method> <!-- tearDown -->
      </class> <!-- org.iit.healthcare.mmp.adminmodule.tests.AdminCreateReportTests -->
    </test> <!-- Default test -->
  </suite> <!-- Default suite -->
</testng-results>
