<?xml version="1.0" encoding="UTF-8"?>
<testng-results ignored="0" total="1" passed="1" failed="0" skipped="0">
  <reporter-output>
  </reporter-output>
  <suite started-at="2021-01-18T19:32:24Z" name="Default suite" finished-at="2021-01-18T19:32:44Z" duration-ms="19996">
    <groups>
    </groups>
    <test started-at="2021-01-18T19:32:24Z" name="Default test" finished-at="2021-01-18T19:32:44Z" duration-ms="19996">
      <class name="org.iit.healthcare.mmp.adminmodule.tests.AdminMessagesTests">
        <test-method is-config="true" signature="instantiateDriver()[pri:0, instance:org.iit.healthcare.mmp.adminmodule.tests.AdminMessagesTests@4f638935]" started-at="2021-01-18T19:32:24Z" name="instantiateDriver" finished-at="2021-01-18T19:32:30Z" duration-ms="6479" status="PASS">
          <reporter-output>
          </reporter-output>
        </test-method> <!-- instantiateDriver -->
        <test-method signature="AdminModuleMessagesTests()[pri:0, instance:org.iit.healthcare.mmp.adminmodule.tests.AdminMessagesTests@4f638935]" started-at="2021-01-18T19:32:30Z" name="AdminModuleMessagesTests" finished-at="2021-01-18T19:32:43Z" duration-ms="12731" status="PASS">
          <reporter-output>
          </reporter-output>
        </test-method> <!-- AdminModuleMessagesTests -->
        <test-method is-config="true" signature="tearDown()[pri:0, instance:org.iit.healthcare.mmp.adminmodule.tests.AdminMessagesTests@4f638935]" started-at="2021-01-18T19:32:43Z" name="tearDown" finished-at="2021-01-18T19:32:44Z" duration-ms="764" status="PASS">
          <reporter-output>
          </reporter-output>
        </test-method> <!-- tearDown -->
      </class> <!-- org.iit.healthcare.mmp.adminmodule.tests.AdminMessagesTests -->
    </test> <!-- Default test -->
  </suite> <!-- Default suite -->
</testng-results>
